<?xml version="1.0" encoding="UTF-8"?>
<testsuite name="ru.nsu.gaev.IncidenceMatrixGraphTest" tests="18" skipped="0" failures="0" errors="0" timestamp="2025-11-02T15:20:47.896Z" hostname="DESKTOP-5DMEAV6" time="0.06">
  <properties/>
  <testcase name="testAddEdge_VertexNotFound()" classname="ru.nsu.gaev.IncidenceMatrixGraphTest" time="0.011"/>
  <testcase name="testRemoveAllVertices()" classname="ru.nsu.gaev.IncidenceMatrixGraphTest" time="0.001"/>
  <testcase name="testReadFromFile(Path)" classname="ru.nsu.gaev.IncidenceMatrixGraphTest" time="0.009"/>
  <testcase name="testAddEdge()" classname="ru.nsu.gaev.IncidenceMatrixGraphTest" time="0.001"/>
  <testcase name="testSetAndGetTopologicalSortStrategy()" classname="ru.nsu.gaev.IncidenceMatrixGraphTest" time="0.002"/>
  <testcase name="testAddDuplicateVertex()" classname="ru.nsu.gaev.IncidenceMatrixGraphTest" time="0.001"/>
  <testcase name="testClear()" classname="ru.nsu.gaev.IncidenceMatrixGraphTest" time="0.001"/>
  <testcase name="testBothStrategiesProduceValidSort()" classname="ru.nsu.gaev.IncidenceMatrixGraphTest" time="0.002"/>
  <testcase name="testTopologicalSortWithDefaultStrategy()" classname="ru.nsu.gaev.IncidenceMatrixGraphTest" time="0.001"/>
  <testcase name="testTopologicalSortWithDFSStrategy()" classname="ru.nsu.gaev.IncidenceMatrixGraphTest" time="0.001"/>
  <testcase name="testRemoveVertex()" classname="ru.nsu.gaev.IncidenceMatrixGraphTest" time="0.001"/>
  <testcase name="testRemoveEdge()" classname="ru.nsu.gaev.IncidenceMatrixGraphTest" time="0.001"/>
  <testcase name="testAddVertex()" classname="ru.nsu.gaev.IncidenceMatrixGraphTest" time="0.001"/>
  <testcase name="testTopologicalSortWithKahnStrategy()" classname="ru.nsu.gaev.IncidenceMatrixGraphTest" time="0.001"/>
  <testcase name="testEqualsAndHashCode()" classname="ru.nsu.gaev.IncidenceMatrixGraphTest" time="0.001"/>
  <testcase name="testTopologicalSort_Cycle()" classname="ru.nsu.gaev.IncidenceMatrixGraphTest" time="0.003"/>
  <testcase name="testTopologicalSort()" classname="ru.nsu.gaev.IncidenceMatrixGraphTest" time="0.001"/>
  <testcase name="testAddDuplicateEdge()" classname="ru.nsu.gaev.IncidenceMatrixGraphTest" time="0.002"/>
  <system-out><![CDATA[]]></system-out>
  <system-err><![CDATA[]]></system-err>
</testsuite>
