<?xml version="1.0" encoding="UTF-8"?>
<testsuite name="ru.nsu.gaev.MainTest" tests="5" skipped="0" failures="0" errors="0" timestamp="2026-02-15T16:26:46.735Z" hostname="DESKTOP-5DMEAV6" time="0.757">
  <properties/>
  <testcase name="testAverageSingleValue()" classname="ru.nsu.gaev.MainTest" time="0.031"/>
  <testcase name="testAverageCalculation()" classname="ru.nsu.gaev.MainTest" time="0.002"/>
  <testcase name="testMainExecution(Path)" classname="ru.nsu.gaev.MainTest" time="0.365"/>
  <testcase name="testMainCsvGeneration(Path)" classname="ru.nsu.gaev.MainTest" time="0.349"/>
  <testcase name="testGenerateLargePrimes()" classname="ru.nsu.gaev.MainTest" time="0.0"/>
  <system-out><![CDATA[]]></system-out>
  <system-err><![CDATA[]]></system-err>
</testsuite>
