<?xml version="1.0" encoding="UTF-8"?>
<testsuite name="ru.nsu.gaev.snake.model.GreedyStrategyAdditionalTest" tests="29" skipped="0" failures="0" errors="0" timestamp="2026-04-05T15:21:16.453Z" hostname="DESKTOP-5DMEAV6" time="0.035">
  <properties/>
  <testcase name="testSnakeBodyBlocksPath()" classname="ru.nsu.gaev.snake.model.GreedyStrategyAdditionalTest" time="0.003"/>
  <testcase name="testFallbackStrategyWhenBfsBlockedRight()" classname="ru.nsu.gaev.snake.model.GreedyStrategyAdditionalTest" time="0.001"/>
  <testcase name="testDirectionalVariationDown()" classname="ru.nsu.gaev.snake.model.GreedyStrategyAdditionalTest" time="0.001"/>
  <testcase name="testDirectionalVariationLeft()" classname="ru.nsu.gaev.snake.model.GreedyStrategyAdditionalTest" time="0.001"/>
  <testcase name="testMultipleFoodsDistanceCalculation()" classname="ru.nsu.gaev.snake.model.GreedyStrategyAdditionalTest" time="0.0"/>
  <testcase name="testComplexMazeNavigation()" classname="ru.nsu.gaev.snake.model.GreedyStrategyAdditionalTest" time="0.002"/>
  <testcase name="testChooseNextDirectionAvoidingObstacles()" classname="ru.nsu.gaev.snake.model.GreedyStrategyAdditionalTest" time="0.001"/>
  <testcase name="testDirectionalVariationUp()" classname="ru.nsu.gaev.snake.model.GreedyStrategyAdditionalTest" time="0.0"/>
  <testcase name="testDiagonalDistance()" classname="ru.nsu.gaev.snake.model.GreedyStrategyAdditionalTest" time="0.0"/>
  <testcase name="testIsValidPointInBounds()" classname="ru.nsu.gaev.snake.model.GreedyStrategyAdditionalTest" time="0.002"/>
  <testcase name="testChooseNextDirectionNearestFoodSelection()" classname="ru.nsu.gaev.snake.model.GreedyStrategyAdditionalTest" time="0.001"/>
  <testcase name="testBfsPathfinding()" classname="ru.nsu.gaev.snake.model.GreedyStrategyAdditionalTest" time="0.0"/>
  <testcase name="testChooseNextDirectionToUpFood()" classname="ru.nsu.gaev.snake.model.GreedyStrategyAdditionalTest" time="0.0"/>
  <testcase name="testChooseNextDirectionFallbackWhenPathBlocked()" classname="ru.nsu.gaev.snake.model.GreedyStrategyAdditionalTest" time="0.001"/>
  <testcase name="testChooseNextDirectionWithLongSnake()" classname="ru.nsu.gaev.snake.model.GreedyStrategyAdditionalTest" time="0.0"/>
  <testcase name="testChooseNextDirectionNoFoods()" classname="ru.nsu.gaev.snake.model.GreedyStrategyAdditionalTest" time="0.001"/>
  <testcase name="testFallbackStrategyWhenBfsBlockedDown()" classname="ru.nsu.gaev.snake.model.GreedyStrategyAdditionalTest" time="0.0"/>
  <testcase name="testFallbackStrategyWhenBfsBlockedLeft()" classname="ru.nsu.gaev.snake.model.GreedyStrategyAdditionalTest" time="0.001"/>
  <testcase name="testGetLeftDirectionFromUp()" classname="ru.nsu.gaev.snake.model.GreedyStrategyAdditionalTest" time="0.001"/>
  <testcase name="testDirectionalVariationRight()" classname="ru.nsu.gaev.snake.model.GreedyStrategyAdditionalTest" time="0.0"/>
  <testcase name="testIsValidPointOutOfBounds()" classname="ru.nsu.gaev.snake.model.GreedyStrategyAdditionalTest" time="0.001"/>
  <testcase name="testFallbackStrategyWhenBfsBlockedUp()" classname="ru.nsu.gaev.snake.model.GreedyStrategyAdditionalTest" time="0.0"/>
  <testcase name="testChooseNextDirectionToDownFood()" classname="ru.nsu.gaev.snake.model.GreedyStrategyAdditionalTest" time="0.0"/>
  <testcase name="testGetRightDirectionFromUp()" classname="ru.nsu.gaev.snake.model.GreedyStrategyAdditionalTest" time="0.0"/>
  <testcase name="testChooseNextDirectionToLeftFood()" classname="ru.nsu.gaev.snake.model.GreedyStrategyAdditionalTest" time="0.001"/>
  <testcase name="testSingleCellAwayFood()" classname="ru.nsu.gaev.snake.model.GreedyStrategyAdditionalTest" time="0.0"/>
  <testcase name="testChooseNextDirectionToRightFood()" classname="ru.nsu.gaev.snake.model.GreedyStrategyAdditionalTest" time="0.001"/>
  <testcase name="testChooseNextDirectionAvoidingWall()" classname="ru.nsu.gaev.snake.model.GreedyStrategyAdditionalTest" time="0.0"/>
  <testcase name="testChooseNextDirectionWithMultipleFoods()" classname="ru.nsu.gaev.snake.model.GreedyStrategyAdditionalTest" time="0.0"/>
  <system-out><![CDATA[]]></system-out>
  <system-err><![CDATA[]]></system-err>
</testsuite>
