<?xml version="1.0" encoding="UTF-8"?>
<testsuite name="ru.nsu.gaev.snake.MainTest" tests="1" skipped="0" failures="0" errors="0" timestamp="2026-04-05T15:21:15.761Z" hostname="DESKTOP-5DMEAV6" time="0.656">
  <properties/>
  <testcase name="testStartConfiguresAndShowsStage()" classname="ru.nsu.gaev.snake.MainTest" time="0.656"/>
  <system-out><![CDATA[]]></system-out>
  <system-err><![CDATA[апр. 05, 2026 10:21:15 PM com.sun.javafx.application.PlatformImpl startup
WARNING: Unsupported JavaFX configuration: classes were loaded from 'unnamed module @273e7444'
]]></system-err>
</testsuite>
