<?xml version="1.0" encoding="UTF-8"?>
<testsuite name="ru.nsu.gaev.snake.model.GameFieldAdditionalTest" tests="5" skipped="0" failures="0" errors="0" timestamp="2026-04-05T15:21:16.437Z" hostname="DESKTOP-5DMEAV6" time="0.009">
  <properties/>
  <testcase name="testRobotHitsPlayer()" classname="ru.nsu.gaev.snake.model.GameFieldAdditionalTest" time="0.002"/>
  <testcase name="testPlayerSelfCollision()" classname="ru.nsu.gaev.snake.model.GameFieldAdditionalTest" time="0.0"/>
  <testcase name="testPlayerHitsRobot()" classname="ru.nsu.gaev.snake.model.GameFieldAdditionalTest" time="0.001"/>
  <testcase name="testRobotHitsObstacle()" classname="ru.nsu.gaev.snake.model.GameFieldAdditionalTest" time="0.002"/>
  <testcase name="testLevelProgression()" classname="ru.nsu.gaev.snake.model.GameFieldAdditionalTest" time="0.002"/>
  <system-out><![CDATA[]]></system-out>
  <system-err><![CDATA[]]></system-err>
</testsuite>
