<?xml version="1.0" encoding="UTF-8"?>
<testsuite name="ru.nsu.gaev.snake.controller.GameControllerTest" tests="8" skipped="0" failures="0" errors="0" timestamp="2026-04-05T15:21:16.422Z" hostname="DESKTOP-5DMEAV6" time="0.013">
  <properties/>
  <testcase name="testHandleKeyPressedWMovesSnakeUp()" classname="ru.nsu.gaev.snake.controller.GameControllerTest" time="0.002"/>
  <testcase name="testHandleKeyPressedStartsGameOnFirstValidInput()" classname="ru.nsu.gaev.snake.controller.GameControllerTest" time="0.001"/>
  <testcase name="testHandleKeyPressedAOrLeftMapsToLeft()" classname="ru.nsu.gaev.snake.controller.GameControllerTest" time="0.001"/>
  <testcase name="testControllerCreation()" classname="ru.nsu.gaev.snake.controller.GameControllerTest" time="0.001"/>
  <testcase name="testHandleKeyPressedSMapsToDown()" classname="ru.nsu.gaev.snake.controller.GameControllerTest" time="0.001"/>
  <testcase name="testHandleKeyPressedIgnoresUnknownKeyDirection()" classname="ru.nsu.gaev.snake.controller.GameControllerTest" time="0.0"/>
  <testcase name="testHandleKeyPressedDOrRightMapsToRight()" classname="ru.nsu.gaev.snake.controller.GameControllerTest" time="0.0"/>
  <testcase name="testHandleKeyPressedDoesNotStartWhenGameIsOver()" classname="ru.nsu.gaev.snake.controller.GameControllerTest" time="0.001"/>
  <system-out><![CDATA[]]></system-out>
  <system-err><![CDATA[]]></system-err>
</testsuite>
