<?xml version="1.0" encoding="UTF-8"?>
<testsuite name="ru.nsu.gaev.snake.model.GameFieldTest" tests="4" skipped="0" failures="0" errors="0" timestamp="2026-04-05T15:21:16.448Z" hostname="DESKTOP-5DMEAV6" time="0.004">
  <properties/>
  <testcase name="testFieldInitialization()" classname="ru.nsu.gaev.snake.model.GameFieldTest" time="0.0"/>
  <testcase name="testRobotWallCollision()" classname="ru.nsu.gaev.snake.model.GameFieldTest" time="0.001"/>
  <testcase name="testAddObstacle()" classname="ru.nsu.gaev.snake.model.GameFieldTest" time="0.0"/>
  <testcase name="testPlayerWallCollision()" classname="ru.nsu.gaev.snake.model.GameFieldTest" time="0.0"/>
  <system-out><![CDATA[]]></system-out>
  <system-err><![CDATA[]]></system-err>
</testsuite>
