<?xml version="1.0" encoding="UTF-8"?>
<testsuite name="ru.nsu.gaev.snake.model.SnakeTest" tests="5" skipped="0" failures="0" errors="0" timestamp="2026-04-05T15:21:16.500Z" hostname="DESKTOP-5DMEAV6" time="0.003">
  <properties/>
  <testcase name="testSelfCollision()" classname="ru.nsu.gaev.snake.model.SnakeTest" time="0.001"/>
  <testcase name="testGrow()" classname="ru.nsu.gaev.snake.model.SnakeTest" time="0.0"/>
  <testcase name="testMove()" classname="ru.nsu.gaev.snake.model.SnakeTest" time="0.001"/>
  <testcase name="testInitialState()" classname="ru.nsu.gaev.snake.model.SnakeTest" time="0.0"/>
  <testcase name="testOccupies()" classname="ru.nsu.gaev.snake.model.SnakeTest" time="0.001"/>
  <system-out><![CDATA[]]></system-out>
  <system-err><![CDATA[]]></system-err>
</testsuite>
