<?xml version="1.0" encoding="UTF-8"?>
<testsuite name="ru.nsu.gaev.NumberTest" tests="9" skipped="0" failures="0" errors="0" timestamp="2025-10-05T17:26:57" hostname="DESKTOP-5DMEAV6" time="0.026">
  <properties/>
  <testcase name="testGetValue()" classname="ru.nsu.gaev.NumberTest" time="0.002"/>
  <testcase name="testEqualsSelf()" classname="ru.nsu.gaev.NumberTest" time="0.001"/>
  <testcase name="testDerivativeAlwaysZero()" classname="ru.nsu.gaev.NumberTest" time="0.002"/>
  <testcase name="testSimplifyReturnsSameInstance()" classname="ru.nsu.gaev.NumberTest" time="0.003"/>
  <testcase name="testEvalReturnsValueIgnoringVars()" classname="ru.nsu.gaev.NumberTest" time="0.0"/>
  <testcase name="testEqualsWithDifferentType()" classname="ru.nsu.gaev.NumberTest" time="0.001"/>
  <testcase name="testEqualsAndHashCode()" classname="ru.nsu.gaev.NumberTest" time="0.001"/>
  <testcase name="testToExpressionString()" classname="ru.nsu.gaev.NumberTest" time="0.001"/>
  <testcase name="testEqualsWithNull()" classname="ru.nsu.gaev.NumberTest" time="0.001"/>
  <system-out><![CDATA[]]></system-out>
  <system-err><![CDATA[]]></system-err>
</testsuite>
