<?xml version="1.0" encoding="UTF-8"?>
<testsuite name="ru.nsu.gaev.SubTest" tests="11" skipped="0" failures="0" errors="0" timestamp="2025-10-05T17:26:58" hostname="DESKTOP-5DMEAV6" time="0.019">
  <properties/>
  <testcase name="testDerivative()" classname="ru.nsu.gaev.SubTest" time="0.001"/>
  <testcase name="testSimplifyConstantSubtraction()" classname="ru.nsu.gaev.SubTest" time="0.001"/>
  <testcase name="testSimplifyEqualExpressions()" classname="ru.nsu.gaev.SubTest" time="0.001"/>
  <testcase name="testEvalWithConstants()" classname="ru.nsu.gaev.SubTest" time="0.001"/>
  <testcase name="testDerivativeWithOtherVariable()" classname="ru.nsu.gaev.SubTest" time="0.001"/>
  <testcase name="testEvalWithVariables()" classname="ru.nsu.gaev.SubTest" time="0.001"/>
  <testcase name="testEqualsWithDifferentType()" classname="ru.nsu.gaev.SubTest" time="0.001"/>
  <testcase name="testEqualsAndHashCode()" classname="ru.nsu.gaev.SubTest" time="0.001"/>
  <testcase name="testSimplifyNonTrivial()" classname="ru.nsu.gaev.SubTest" time="0.001"/>
  <testcase name="testToExpressionString()" classname="ru.nsu.gaev.SubTest" time="0.002"/>
  <testcase name="testEqualsWithNull()" classname="ru.nsu.gaev.SubTest" time="0.001"/>
  <system-out><![CDATA[]]></system-out>
  <system-err><![CDATA[]]></system-err>
</testsuite>
