<?xml version="1.0" encoding="UTF-8"?>
<testsuite name="ru.nsu.gaev.ParserTest" tests="16" skipped="0" failures="0" errors="0" timestamp="2025-10-05T17:26:58" hostname="DESKTOP-5DMEAV6" time="0.105">
  <properties/>
  <testcase name="testParseSimpleAddition()" classname="ru.nsu.gaev.ParserTest" time="0.015"/>
  <testcase name="testParseAssignmentEmptyString()" classname="ru.nsu.gaev.ParserTest" time="0.003"/>
  <testcase name="testParseThrowsOnInvalidOperator()" classname="ru.nsu.gaev.ParserTest" time="0.023"/>
  <testcase name="testParseAssignmentSingle()" classname="ru.nsu.gaev.ParserTest" time="0.002"/>
  <testcase name="testParseThrowsOnNullInput()" classname="ru.nsu.gaev.ParserTest" time="0.004"/>
  <testcase name="testParseExpressionWithDivisionAndSubtraction()" classname="ru.nsu.gaev.ParserTest" time="0.006"/>
  <testcase name="testParseVariable()" classname="ru.nsu.gaev.ParserTest" time="0.001"/>
  <testcase name="testParseNestedExpression()" classname="ru.nsu.gaev.ParserTest" time="0.002"/>
  <testcase name="testParseNegativeNumber()" classname="ru.nsu.gaev.ParserTest" time="0.001"/>
  <testcase name="testParseAssignmentThrowsOnBadFormat()" classname="ru.nsu.gaev.ParserTest" time="0.011"/>
  <testcase name="testParseAssignmentWithSpacesAndExtraSemicolons()" classname="ru.nsu.gaev.ParserTest" time="0.001"/>
  <testcase name="testParseAssignmentMultiple()" classname="ru.nsu.gaev.ParserTest" time="0.001"/>
  <testcase name="testParseThrowsOnUnexpectedChar()" classname="ru.nsu.gaev.ParserTest" time="0.011"/>
  <testcase name="testParseThrowsOnMissingParenthesis()" classname="ru.nsu.gaev.ParserTest" time="0.006"/>
  <testcase name="testParseAssignmentNullString()" classname="ru.nsu.gaev.ParserTest" time="0.001"/>
  <testcase name="testParseSimpleNumber()" classname="ru.nsu.gaev.ParserTest" time="0.001"/>
  <system-out><![CDATA[]]></system-out>
  <system-err><![CDATA[]]></system-err>
</testsuite>
